<?xml version="1.0" encoding="UTF-8"?>
<testsuite xmlns:xsi="http://www.w3.org/2001/XMLSchema-instance" xsi:noNamespaceSchemaLocation="https://maven.apache.org/surefire/maven-surefire-plugin/xsd/surefire-test-report-3.0.xsd" version="3.0" name="TestSuite" time="89.091" tests="1" errors="0" skipped="0" failures="1">
  <properties>
[...]
</properties>
  <testcase name="bookFlight" classname="com.goibibo.auto.GoIbibo.SS1_bookFlight" time="84.437">
    <failure message="Expected condition failed: waiting for visibility of element located by By.xpath: /html/body/div[2]/div/div/div/div[2]/div/div[1]/div[5]/div/div[2]/div/div/div/div[5]/div[3]/div[4]/div[1]/div[2]/div (tried for 30 second(s) with 500 milliseconds interval)" type="org.openqa.selenium.TimeoutException"><![CDATA[org.openqa.selenium.TimeoutException: Expected condition failed: waiting for visibility of element located by By.xpath: /html/body/div[2]/div/div/div/div[2]/div/div[1]/div[5]/div/div[2]/div/div/div/div[5]/div[3]/div[4]/div[1]/div[2]/div (tried for 30 second(s) with 500 milliseconds interval)
	at com.goibibo.auto.GoIbibo.SS1_bookFlight.bookFlight(SS1_bookFlight.java:82)
Caused by: org.openqa.selenium.NoSuchElementException: 
Unable to locate element: /html/body/div[2]/div/div/div/div[2]/div/div[1]/div[5]/div/div[2]/div/div/div/div[5]/div[3]/div[4]/div[1]/div[2]/div
For documentation on this error, please visit: https://selenium.dev/exceptions/#no_such_element
Build info: version: '4.0.0-alpha-4', revision: 'c2d955b49e'
System info: host: 'MUNNA', ip: '192.168.1.13', os.name: 'Windows 10', os.arch: 'amd64', os.version: '10.0', java.version: '14.0.2'
Driver info: org.openqa.selenium.firefox.FirefoxDriver
Capabilities {acceptInsecureCerts: true, browserName: firefox, browserVersion: 79.0, javascriptEnabled: true, moz:accessibilityChecks: false, moz:buildID: 20200720193547, moz:geckodriverVersion: 0.27.0, moz:headless: false, moz:processID: 8088, moz:profile: C:\Users\Munna\AppData\Loca..., moz:shutdownTimeout: 60000, moz:useNonSpecCompliantPointerOrigin: false, moz:webdriverClick: true, pageLoadStrategy: normal, platform: WINDOWS, platformName: WINDOWS, platformVersion: 10.0, rotatable: false, setWindowRect: true, strictFileInteractability: false, timeouts: {implicit: 0, pageLoad: 300000, script: 30000}, unhandledPromptBehavior: dismiss and notify}
Session ID: b894d082-8042-47f4-8e78-012e3850a8fa
*** Element info: {Using=xpath, value=/html/body/div[2]/div/div/div/div[2]/div/div[1]/div[5]/div/div[2]/div/div/div/div[5]/div[3]/div[4]/div[1]/div[2]/div}
	at com.goibibo.auto.GoIbibo.SS1_bookFlight.bookFlight(SS1_bookFlight.java:82)
]]></failure>
    <system-err><![CDATA[SLF4J: Failed to load class "org.slf4j.impl.StaticLoggerBinder".
SLF4J: Defaulting to no-operation (NOP) logger implementation
SLF4J: See http://www.slf4j.org/codes.html#StaticLoggerBinder for further details.
1596841504015	geckodriver	INFO	Listening on 127.0.0.1:42804
1596841504880	mozrunner::runner	INFO	Running command: "C:\\Program Files\\Mozilla Firefox\\firefox.exe" "--marionette" "-foreground" "-no-remote" "-profile" "C:\\Users\\Munna\\AppData\\Local\\Temp\\rust_mozprofileDZ1FIQ"
JavaScript error: resource://gre/modules/XULStore.jsm, line 66: Error: Can't find profile directory.
console.error: "Could not write session state file " (new Error("_initWorker called too early! Please read the session file from disk first.", "resource:///modules/sessionstore/SessionFile.jsm", 375)) "_initWorker/<@resource:///modules/sessionstore/SessionFile.jsm:375:15\n_initWorker@resource:///modules/sessionstore/SessionFile.jsm:368:12\n_postToWorker@resource:///modules/sessionstore/SessionFile.jsm:410:16\nwrite@resource:///modules/sessionstore/SessionFile.jsm:448:24\nwrite@resource:///modules/sessionstore/SessionFile.jsm:75:32\n_writeState@resource:///modules/sessionstore/SessionSaver.jsm:360:24\n_saveState@resource:///modules/sessionstore/SessionSaver.jsm:294:17\n_saveStateAsync@resource:///modules/sessionstore/SessionSaver.jsm:344:10\nsaveStateAsyncWhenIdle@resource:///modules/sessionstore/SessionSaver.jsm:191:14\ncallback@resource://gre/modules/Timer.jsm:127:16\n"
console.error: SearchCache: "_readCacheFile: Error reading cache file:" (new Error("", "(unknown module)"))
1596841534396	Marionette	INFO	Listening on port 51178
1596841534613	Marionette	WARN	TLS certificate errors will be ignored for this session
Aug 08, 2020 4:35:34 AM org.openqa.selenium.remote.ProtocolHandshake createSession
INFO: Detected dialect: W3C
JavaScript error: https://www.goibibo.com/flight-review/?t=03fbc5c88132c13f7554599cc8a6d21f, line 1: ReferenceError: pagespeed is not defined
JavaScript error: https://www.goibibo.com/flight-review/?t=03fbc5c88132c13f7554599cc8a6d21f, line 1: ReferenceError: pagespeed is not defined
JavaScript error: https://www.goibibo.com/flight-review/?t=03fbc5c88132c13f7554599cc8a6d21f, line 1: ReferenceError: pagespeed is not defined
JavaScript error: https://www.goibibo.com/flight-review/?t=03fbc5c88132c13f7554599cc8a6d21f, line 1: ReferenceError: pagespeed is not defined
]]></system-err>
  </testcase>
</testsuite>